/Users/REAnAr/0_Doctorado/0_Genomica/Quast/quast-4.6.3/quast.py /Users/REAnAr/0_Doctorado/0_Genomica/Comparativa/CAZy_Genomas/L.amet_GCA_000827195.1_Laccaria_amethystina_LaAM-08-1_v1.0_genomic.fna /Users/REAnAr/0_Doctorado/0_Genomica/Comparativa/CAZy_Genomas/L.bico_GCF_000143565.1_V1.0_genomic.fna

Version: 4.6.3, 1f2766b

System information:
  OS: Darwin-17.7.0-x86_64-i386-64bit (macosx)
  Python version: 2.7.10
  CPUs number: 4

Started: 2018-10-07 21:06:22

Logging to /Users/REAnAr/0_Doctorado/0_Genomica/Quast/quast-4.6.3/quast_results/results_2018_10_07_21_06_22/quast.log
NOTICE: Maximum number of threads is set to 1 (use --threads option to set it manually)

CWD: /Users/REAnAr/0_Doctorado/0_Genomica/Quast/quast-4.6.3
Main parameters: 
  Threads: 1, minimum contig length: 500, ambiguity: one, threshold for extensive misassembly size: 1000

Contigs:
  Pre-processing...
  1  /Users/REAnAr/0_Doctorado/0_Genomica/Comparativa/CAZy_Genomas/L.amet_GCA_000827195.1_Laccaria_amethystina_LaAM-08-1_v1.0_genomic.fna ==> L.amet_GCA_000827195.1_Laccaria_amethystina_LaAM-08-1_v1.0_genomic
  2  /Users/REAnAr/0_Doctorado/0_Genomica/Comparativa/CAZy_Genomas/L.bico_GCF_000143565.1_V1.0_genomic.fna ==> L.bico_GCF_000143565.1_V1.0_genomic

2018-10-07 21:07:38
Running Basic statistics processor...
  Contig files: 
    1  L.amet_GCA_000827195.1_Laccaria_amethystina_LaAM-08-1_v1.0_genomic
    2  L.bico_GCF_000143565.1_V1.0_genomic
  Calculating N50 and L50...
    1  L.amet_GCA_000827195.1_Laccaria_amethystina_LaAM-08-1_v1.0_genomic, N50 = 120972, L50 = 111, Total length = 52197432, GC % = 46.90, # N's per 100 kbp =  8641.11
    2  L.bico_GCF_000143565.1_V1.0_genomic, N50 = 784691, L50 = 21, Total length = 64877444, GC % = 46.97, # N's per 100 kbp =  9548.21
  Drawing Nx plot...
    saved to /Users/REAnAr/0_Doctorado/0_Genomica/Quast/quast-4.6.3/quast_results/results_2018_10_07_21_06_22/basic_stats/Nx_plot.pdf
  Drawing cumulative plot...
    saved to /Users/REAnAr/0_Doctorado/0_Genomica/Quast/quast-4.6.3/quast_results/results_2018_10_07_21_06_22/basic_stats/cumulative_plot.pdf
  Drawing GC content plot...
    saved to /Users/REAnAr/0_Doctorado/0_Genomica/Quast/quast-4.6.3/quast_results/results_2018_10_07_21_06_22/basic_stats/GC_content_plot.pdf
  Drawing L.amet_GCA_000827195.1_Laccaria_amethystina_LaAM-08-1_v1.0_genomic GC content plot...
    saved to /Users/REAnAr/0_Doctorado/0_Genomica/Quast/quast-4.6.3/quast_results/results_2018_10_07_21_06_22/basic_stats/L.amet_GCA_000827195.1_Laccaria_amethystina_LaAM-08-1_v1.0_genomic_GC_content_plot.pdf
  Drawing L.bico_GCF_000143565.1_V1.0_genomic GC content plot...
    saved to /Users/REAnAr/0_Doctorado/0_Genomica/Quast/quast-4.6.3/quast_results/results_2018_10_07_21_06_22/basic_stats/L.bico_GCF_000143565.1_V1.0_genomic_GC_content_plot.pdf
Done.

NOTICE: Genes are not predicted by default. Use --gene-finding option to enable it.

2018-10-07 21:07:50
Creating large visual summaries...
This may take a while: press Ctrl-C to skip this step..
  1 of 2: Creating Icarus viewers...
  2 of 2: Creating PDF with all tables and plots...
Done

2018-10-07 21:07:54
RESULTS:
  Text versions of total report are saved to /Users/REAnAr/0_Doctorado/0_Genomica/Quast/quast-4.6.3/quast_results/results_2018_10_07_21_06_22/report.txt, report.tsv, and report.tex
  Text versions of transposed total report are saved to /Users/REAnAr/0_Doctorado/0_Genomica/Quast/quast-4.6.3/quast_results/results_2018_10_07_21_06_22/transposed_report.txt, transposed_report.tsv, and transposed_report.tex
  HTML version (interactive tables and plots) saved to /Users/REAnAr/0_Doctorado/0_Genomica/Quast/quast-4.6.3/quast_results/results_2018_10_07_21_06_22/report.html
  PDF version (tables and plots) is saved to /Users/REAnAr/0_Doctorado/0_Genomica/Quast/quast-4.6.3/quast_results/results_2018_10_07_21_06_22/report.pdf
  Icarus (contig browser) is saved to /Users/REAnAr/0_Doctorado/0_Genomica/Quast/quast-4.6.3/quast_results/results_2018_10_07_21_06_22/icarus.html
  Log saved to /Users/REAnAr/0_Doctorado/0_Genomica/Quast/quast-4.6.3/quast_results/results_2018_10_07_21_06_22/quast.log

Finished: 2018-10-07 21:07:54
Elapsed time: 0:01:32.094584
NOTICEs: 2; WARNINGs: 0; non-fatal ERRORs: 0

Thank you for using QUAST!
